2024-06-06 10:36:22,953 INFO: Logged in [in D:\DEVELOPMENT\Flask\IMS\users\routes.py:39]
2024-06-06 10:36:22,980 INFO: Admin accessed dashboard [in D:\DEVELOPMENT\Flask\IMS\inventory\routes.py:21]
2024-06-06 10:36:54,563 INFO: Admin accessed dashboard [in D:\DEVELOPMENT\Flask\IMS\inventory\routes.py:21]
2024-06-06 10:37:01,119 INFO: Admin accessed dashboard [in D:\DEVELOPMENT\Flask\IMS\inventory\routes.py:21]
2024-06-06 10:37:41,160 INFO: Admin accessed dashboard [in D:\DEVELOPMENT\Flask\IMS\inventory\routes.py:21]
2024-06-06 14:57:06,026 INFO: Application instance created [in D:\DEVELOPMENT\Flask\IMS\app\connection.py:24]
2024-06-06 14:57:06,027 INFO: Database connected [in D:\DEVELOPMENT\Flask\IMS\app\connection.py:28]
2024-06-06 14:57:06,040 INFO: Application startup completed [in D:\DEVELOPMENT\Flask\IMS\app\__init__.py:18]
2024-06-06 14:57:06,411 INFO: Application instance created [in D:\DEVELOPMENT\Flask\IMS\app\connection.py:24]
2024-06-06 14:57:06,412 INFO: Database connected [in D:\DEVELOPMENT\Flask\IMS\app\connection.py:28]
2024-06-06 14:57:06,425 INFO: Application startup completed [in D:\DEVELOPMENT\Flask\IMS\app\__init__.py:18]
2024-06-06 14:57:11,767 INFO: Application instance created [in D:\DEVELOPMENT\Flask\IMS\app\connection.py:24]
2024-06-06 14:57:11,767 INFO: Database connected [in D:\DEVELOPMENT\Flask\IMS\app\connection.py:28]
2024-06-06 14:57:11,778 INFO: Application startup completed [in D:\DEVELOPMENT\Flask\IMS\app\__init__.py:18]
2024-06-06 14:57:11,802 INFO: Home page accessed [in D:\DEVELOPMENT\Flask\IMS\app\routes.py:11]
2024-06-06 14:57:11,972 INFO: Item assigned [in D:\DEVELOPMENT\Flask\IMS\inventory\routes.py:96]
2024-06-06 14:57:11,976 INFO: Admin accessed dashboard [in D:\DEVELOPMENT\Flask\IMS\inventory\routes.py:21]
2024-06-06 14:57:11,986 INFO: Employee accessed dashboard [in D:\DEVELOPMENT\Flask\IMS\inventory\routes.py:186]
2024-06-06 14:57:12,011 INFO: Item updated [in D:\DEVELOPMENT\Flask\IMS\inventory\routes.py:149]
2024-06-06 14:57:12,022 INFO: Item unassigned [in D:\DEVELOPMENT\Flask\IMS\inventory\routes.py:113]
2024-06-06 14:57:12,029 INFO: Item unassigned [in D:\DEVELOPMENT\Flask\IMS\inventory\routes.py:113]
2024-06-06 14:57:12,035 INFO: Item view page accessed [in D:\DEVELOPMENT\Flask\IMS\inventory\routes.py:73]
2024-06-06 14:57:12,053 INFO: Item view page accessed [in D:\DEVELOPMENT\Flask\IMS\inventory\routes.py:73]
2024-06-06 14:57:12,059 INFO: Password changed [in D:\DEVELOPMENT\Flask\IMS\users\routes.py:184]
2024-06-06 14:57:12,068 INFO: Deleted user [in D:\DEVELOPMENT\Flask\IMS\users\routes.py:201]
2024-06-06 14:57:12,072 INFO: Accessed manage users page [in D:\DEVELOPMENT\Flask\IMS\users\routes.py:108]
2024-06-06 14:57:12,086 INFO: Updated user [in D:\DEVELOPMENT\Flask\IMS\users\routes.py:159]
2024-06-06 14:57:12,098 INFO: Logged in [in D:\DEVELOPMENT\Flask\IMS\users\routes.py:39]
2024-06-06 14:57:12,103 INFO: Logged in [in D:\DEVELOPMENT\Flask\IMS\users\routes.py:39]
2024-06-06 14:57:12,105 INFO: Logged out [in D:\DEVELOPMENT\Flask\IMS\users\routes.py:56]
2024-06-06 14:57:12,109 INFO: Accessed manage users page [in D:\DEVELOPMENT\Flask\IMS\users\routes.py:108]
2024-06-06 14:57:12,124 INFO: Viewed logged in account details [in D:\DEVELOPMENT\Flask\IMS\users\routes.py:119]
2024-06-06 14:57:12,137 INFO: Viewed user [in D:\DEVELOPMENT\Flask\IMS\users\routes.py:131]
2024-06-06 14:57:39,246 INFO: Application instance created [in D:\DEVELOPMENT\Flask\IMS\app\connection.py:24]
2024-06-06 14:57:39,246 INFO: Database connected [in D:\DEVELOPMENT\Flask\IMS\app\connection.py:28]
2024-06-06 14:57:39,257 INFO: Application startup completed [in D:\DEVELOPMENT\Flask\IMS\app\__init__.py:18]
2024-06-06 14:57:39,275 INFO: Home page accessed [in D:\DEVELOPMENT\Flask\IMS\app\routes.py:11]
2024-06-06 14:57:39,314 INFO: Item assigned [in D:\DEVELOPMENT\Flask\IMS\inventory\routes.py:96]
2024-06-06 14:57:39,320 INFO: Admin accessed dashboard [in D:\DEVELOPMENT\Flask\IMS\inventory\routes.py:21]
2024-06-06 14:57:39,331 INFO: Employee accessed dashboard [in D:\DEVELOPMENT\Flask\IMS\inventory\routes.py:186]
2024-06-06 14:57:39,355 INFO: Item updated [in D:\DEVELOPMENT\Flask\IMS\inventory\routes.py:149]
2024-06-06 14:57:39,367 INFO: Item unassigned [in D:\DEVELOPMENT\Flask\IMS\inventory\routes.py:113]
2024-06-06 14:57:39,371 INFO: Item unassigned [in D:\DEVELOPMENT\Flask\IMS\inventory\routes.py:113]
2024-06-06 14:57:39,376 INFO: Item view page accessed [in D:\DEVELOPMENT\Flask\IMS\inventory\routes.py:73]
2024-06-06 14:57:39,392 INFO: Item view page accessed [in D:\DEVELOPMENT\Flask\IMS\inventory\routes.py:73]
2024-06-06 14:57:39,397 INFO: Password changed [in D:\DEVELOPMENT\Flask\IMS\users\routes.py:184]
2024-06-06 14:57:39,403 INFO: Deleted user [in D:\DEVELOPMENT\Flask\IMS\users\routes.py:201]
2024-06-06 14:57:39,406 INFO: Accessed manage users page [in D:\DEVELOPMENT\Flask\IMS\users\routes.py:108]
2024-06-06 14:57:39,417 INFO: Updated user [in D:\DEVELOPMENT\Flask\IMS\users\routes.py:159]
2024-06-06 14:57:39,427 INFO: Logged in [in D:\DEVELOPMENT\Flask\IMS\users\routes.py:39]
2024-06-06 14:57:39,434 INFO: Logged in [in D:\DEVELOPMENT\Flask\IMS\users\routes.py:39]
2024-06-06 14:57:39,436 INFO: Logged out [in D:\DEVELOPMENT\Flask\IMS\users\routes.py:56]
2024-06-06 14:57:39,440 INFO: Accessed manage users page [in D:\DEVELOPMENT\Flask\IMS\users\routes.py:108]
2024-06-06 14:57:39,453 INFO: Viewed logged in account details [in D:\DEVELOPMENT\Flask\IMS\users\routes.py:119]
2024-06-06 14:57:39,462 INFO: Viewed user [in D:\DEVELOPMENT\Flask\IMS\users\routes.py:131]
2024-06-06 14:57:41,869 INFO: Application instance created [in D:\DEVELOPMENT\Flask\IMS\app\connection.py:24]
2024-06-06 14:57:41,870 INFO: Database connected [in D:\DEVELOPMENT\Flask\IMS\app\connection.py:28]
2024-06-06 14:57:41,881 INFO: Application startup completed [in D:\DEVELOPMENT\Flask\IMS\app\__init__.py:18]
2024-06-06 14:57:41,896 INFO: Home page accessed [in D:\DEVELOPMENT\Flask\IMS\app\routes.py:11]
2024-06-06 14:57:41,938 INFO: Item assigned [in D:\DEVELOPMENT\Flask\IMS\inventory\routes.py:96]
2024-06-06 14:57:41,941 INFO: Admin accessed dashboard [in D:\DEVELOPMENT\Flask\IMS\inventory\routes.py:21]
2024-06-06 14:57:41,951 INFO: Employee accessed dashboard [in D:\DEVELOPMENT\Flask\IMS\inventory\routes.py:186]
2024-06-06 14:57:41,975 INFO: Item updated [in D:\DEVELOPMENT\Flask\IMS\inventory\routes.py:149]
2024-06-06 14:57:41,987 INFO: Item unassigned [in D:\DEVELOPMENT\Flask\IMS\inventory\routes.py:113]
2024-06-06 14:57:41,992 INFO: Item unassigned [in D:\DEVELOPMENT\Flask\IMS\inventory\routes.py:113]
2024-06-06 14:57:41,998 INFO: Item view page accessed [in D:\DEVELOPMENT\Flask\IMS\inventory\routes.py:73]
2024-06-06 14:57:42,017 INFO: Item view page accessed [in D:\DEVELOPMENT\Flask\IMS\inventory\routes.py:73]
2024-06-06 14:57:42,021 INFO: Password changed [in D:\DEVELOPMENT\Flask\IMS\users\routes.py:184]
2024-06-06 14:57:42,026 INFO: Deleted user [in D:\DEVELOPMENT\Flask\IMS\users\routes.py:201]
2024-06-06 14:57:42,029 INFO: Accessed manage users page [in D:\DEVELOPMENT\Flask\IMS\users\routes.py:108]
2024-06-06 14:57:42,038 INFO: Updated user [in D:\DEVELOPMENT\Flask\IMS\users\routes.py:159]
2024-06-06 14:57:42,051 INFO: Logged in [in D:\DEVELOPMENT\Flask\IMS\users\routes.py:39]
2024-06-06 14:57:42,055 INFO: Logged in [in D:\DEVELOPMENT\Flask\IMS\users\routes.py:39]
2024-06-06 14:57:42,057 INFO: Logged out [in D:\DEVELOPMENT\Flask\IMS\users\routes.py:56]
2024-06-06 14:57:42,062 INFO: Accessed manage users page [in D:\DEVELOPMENT\Flask\IMS\users\routes.py:108]
2024-06-06 14:57:42,076 INFO: Viewed logged in account details [in D:\DEVELOPMENT\Flask\IMS\users\routes.py:119]
2024-06-06 14:57:42,087 INFO: Viewed user [in D:\DEVELOPMENT\Flask\IMS\users\routes.py:131]
2024-06-06 14:58:03,420 INFO: Application instance created [in D:\DEVELOPMENT\Flask\IMS\app\connection.py:24]
2024-06-06 14:58:03,420 INFO: Database connected [in D:\DEVELOPMENT\Flask\IMS\app\connection.py:28]
2024-06-06 14:58:03,431 INFO: Application startup completed [in D:\DEVELOPMENT\Flask\IMS\app\__init__.py:18]
2024-06-06 14:58:03,463 INFO: Home page accessed [in D:\DEVELOPMENT\Flask\IMS\app\routes.py:11]
2024-06-06 14:58:03,509 INFO: Item assigned [in D:\DEVELOPMENT\Flask\IMS\inventory\routes.py:96]
2024-06-06 14:58:03,515 INFO: Admin accessed dashboard [in D:\DEVELOPMENT\Flask\IMS\inventory\routes.py:21]
2024-06-06 14:58:03,530 INFO: Employee accessed dashboard [in D:\DEVELOPMENT\Flask\IMS\inventory\routes.py:186]
2024-06-06 14:58:03,556 INFO: Item updated [in D:\DEVELOPMENT\Flask\IMS\inventory\routes.py:149]
2024-06-06 14:58:03,568 INFO: Item unassigned [in D:\DEVELOPMENT\Flask\IMS\inventory\routes.py:113]
2024-06-06 14:58:03,573 INFO: Item unassigned [in D:\DEVELOPMENT\Flask\IMS\inventory\routes.py:113]
2024-06-06 14:58:03,580 INFO: Item view page accessed [in D:\DEVELOPMENT\Flask\IMS\inventory\routes.py:73]
2024-06-06 14:58:03,598 INFO: Item view page accessed [in D:\DEVELOPMENT\Flask\IMS\inventory\routes.py:73]
2024-06-06 14:58:03,603 INFO: Password changed [in D:\DEVELOPMENT\Flask\IMS\users\routes.py:184]
2024-06-06 14:58:03,607 INFO: Deleted user [in D:\DEVELOPMENT\Flask\IMS\users\routes.py:201]
2024-06-06 14:58:03,612 INFO: Accessed manage users page [in D:\DEVELOPMENT\Flask\IMS\users\routes.py:108]
2024-06-06 14:58:03,622 INFO: Updated user [in D:\DEVELOPMENT\Flask\IMS\users\routes.py:159]
2024-06-06 14:58:03,632 INFO: Logged in [in D:\DEVELOPMENT\Flask\IMS\users\routes.py:39]
2024-06-06 14:58:03,638 INFO: Logged in [in D:\DEVELOPMENT\Flask\IMS\users\routes.py:39]
2024-06-06 14:58:03,640 INFO: Logged out [in D:\DEVELOPMENT\Flask\IMS\users\routes.py:56]
2024-06-06 14:58:03,646 INFO: Accessed manage users page [in D:\DEVELOPMENT\Flask\IMS\users\routes.py:108]
2024-06-06 14:58:03,656 INFO: Viewed logged in account details [in D:\DEVELOPMENT\Flask\IMS\users\routes.py:119]
2024-06-06 14:58:03,667 INFO: Viewed user [in D:\DEVELOPMENT\Flask\IMS\users\routes.py:131]
2024-06-06 14:58:15,162 INFO: Application instance created [in D:\DEVELOPMENT\Flask\IMS\app\connection.py:24]
2024-06-06 14:58:15,163 INFO: Database connected [in D:\DEVELOPMENT\Flask\IMS\app\connection.py:28]
2024-06-06 14:58:15,173 INFO: Application startup completed [in D:\DEVELOPMENT\Flask\IMS\app\__init__.py:18]
2024-06-06 14:58:15,200 INFO: Home page accessed [in D:\DEVELOPMENT\Flask\IMS\app\routes.py:11]
2024-06-06 14:58:15,239 INFO: Item assigned [in D:\DEVELOPMENT\Flask\IMS\inventory\routes.py:96]
2024-06-06 14:58:15,243 INFO: Admin accessed dashboard [in D:\DEVELOPMENT\Flask\IMS\inventory\routes.py:21]
2024-06-06 14:58:15,254 INFO: Employee accessed dashboard [in D:\DEVELOPMENT\Flask\IMS\inventory\routes.py:186]
2024-06-06 14:58:15,280 INFO: Item updated [in D:\DEVELOPMENT\Flask\IMS\inventory\routes.py:149]
2024-06-06 14:58:15,291 INFO: Item unassigned [in D:\DEVELOPMENT\Flask\IMS\inventory\routes.py:113]
2024-06-06 14:58:15,298 INFO: Item unassigned [in D:\DEVELOPMENT\Flask\IMS\inventory\routes.py:113]
2024-06-06 14:58:15,303 INFO: Item view page accessed [in D:\DEVELOPMENT\Flask\IMS\inventory\routes.py:73]
2024-06-06 14:58:15,320 INFO: Item view page accessed [in D:\DEVELOPMENT\Flask\IMS\inventory\routes.py:73]
2024-06-06 14:58:15,325 INFO: Password changed [in D:\DEVELOPMENT\Flask\IMS\users\routes.py:184]
2024-06-06 14:58:15,332 INFO: Deleted user [in D:\DEVELOPMENT\Flask\IMS\users\routes.py:201]
2024-06-06 14:58:15,335 INFO: Accessed manage users page [in D:\DEVELOPMENT\Flask\IMS\users\routes.py:108]
2024-06-06 14:58:15,345 INFO: Updated user [in D:\DEVELOPMENT\Flask\IMS\users\routes.py:159]
2024-06-06 14:58:15,356 INFO: Logged in [in D:\DEVELOPMENT\Flask\IMS\users\routes.py:39]
2024-06-06 14:58:15,362 INFO: Logged in [in D:\DEVELOPMENT\Flask\IMS\users\routes.py:39]
2024-06-06 14:58:15,364 INFO: Logged out [in D:\DEVELOPMENT\Flask\IMS\users\routes.py:56]
2024-06-06 14:58:15,368 INFO: Accessed manage users page [in D:\DEVELOPMENT\Flask\IMS\users\routes.py:108]
2024-06-06 14:58:15,382 INFO: Viewed logged in account details [in D:\DEVELOPMENT\Flask\IMS\users\routes.py:119]
2024-06-06 14:58:15,391 INFO: Viewed user [in D:\DEVELOPMENT\Flask\IMS\users\routes.py:131]
2024-06-06 14:58:50,362 INFO: Application instance created [in D:\DEVELOPMENT\Flask\IMS\app\connection.py:24]
2024-06-06 14:58:50,363 INFO: Database connected [in D:\DEVELOPMENT\Flask\IMS\app\connection.py:28]
2024-06-06 14:58:50,374 INFO: Application startup completed [in D:\DEVELOPMENT\Flask\IMS\app\__init__.py:18]
2024-06-06 14:58:50,404 INFO: Home page accessed [in D:\DEVELOPMENT\Flask\IMS\app\routes.py:11]
2024-06-06 14:58:50,459 INFO: Item assigned [in D:\DEVELOPMENT\Flask\IMS\inventory\routes.py:96]
2024-06-06 14:58:50,471 INFO: Admin accessed dashboard [in D:\DEVELOPMENT\Flask\IMS\inventory\routes.py:21]
2024-06-06 14:58:50,481 INFO: Employee accessed dashboard [in D:\DEVELOPMENT\Flask\IMS\inventory\routes.py:186]
2024-06-06 14:58:50,509 INFO: Item updated [in D:\DEVELOPMENT\Flask\IMS\inventory\routes.py:149]
2024-06-06 14:58:50,520 INFO: Item unassigned [in D:\DEVELOPMENT\Flask\IMS\inventory\routes.py:113]
2024-06-06 14:58:50,525 INFO: Item unassigned [in D:\DEVELOPMENT\Flask\IMS\inventory\routes.py:113]
2024-06-06 14:58:50,531 INFO: Item view page accessed [in D:\DEVELOPMENT\Flask\IMS\inventory\routes.py:73]
2024-06-06 14:58:50,549 INFO: Item view page accessed [in D:\DEVELOPMENT\Flask\IMS\inventory\routes.py:73]
2024-06-06 14:58:50,553 INFO: Password changed [in D:\DEVELOPMENT\Flask\IMS\users\routes.py:184]
2024-06-06 14:58:50,560 INFO: Deleted user [in D:\DEVELOPMENT\Flask\IMS\users\routes.py:201]
2024-06-06 14:58:50,563 INFO: Accessed manage users page [in D:\DEVELOPMENT\Flask\IMS\users\routes.py:108]
2024-06-06 14:58:50,572 INFO: Updated user [in D:\DEVELOPMENT\Flask\IMS\users\routes.py:159]
2024-06-06 14:58:50,583 INFO: Logged in [in D:\DEVELOPMENT\Flask\IMS\users\routes.py:39]
2024-06-06 14:58:50,586 INFO: Logged in [in D:\DEVELOPMENT\Flask\IMS\users\routes.py:39]
2024-06-06 14:58:50,588 INFO: Logged out [in D:\DEVELOPMENT\Flask\IMS\users\routes.py:56]
2024-06-06 14:58:50,594 INFO: Accessed manage users page [in D:\DEVELOPMENT\Flask\IMS\users\routes.py:108]
2024-06-06 14:58:50,604 INFO: Viewed logged in account details [in D:\DEVELOPMENT\Flask\IMS\users\routes.py:119]
2024-06-06 14:58:50,616 INFO: Viewed user [in D:\DEVELOPMENT\Flask\IMS\users\routes.py:131]
2024-06-06 14:59:00,974 INFO: Application instance created [in D:\DEVELOPMENT\Flask\IMS\app\connection.py:24]
2024-06-06 14:59:00,975 INFO: Database connected [in D:\DEVELOPMENT\Flask\IMS\app\connection.py:28]
2024-06-06 14:59:00,986 INFO: Application startup completed [in D:\DEVELOPMENT\Flask\IMS\app\__init__.py:18]
2024-06-06 14:59:01,005 INFO: Home page accessed [in D:\DEVELOPMENT\Flask\IMS\app\routes.py:11]
2024-06-06 14:59:01,044 INFO: Item assigned [in D:\DEVELOPMENT\Flask\IMS\inventory\routes.py:96]
2024-06-06 14:59:01,048 INFO: Admin accessed dashboard [in D:\DEVELOPMENT\Flask\IMS\inventory\routes.py:21]
2024-06-06 14:59:01,057 INFO: Employee accessed dashboard [in D:\DEVELOPMENT\Flask\IMS\inventory\routes.py:186]
2024-06-06 14:59:01,082 INFO: Item updated [in D:\DEVELOPMENT\Flask\IMS\inventory\routes.py:149]
2024-06-06 14:59:01,091 INFO: Item unassigned [in D:\DEVELOPMENT\Flask\IMS\inventory\routes.py:113]
2024-06-06 14:59:01,097 INFO: Item unassigned [in D:\DEVELOPMENT\Flask\IMS\inventory\routes.py:113]
2024-06-06 14:59:01,102 INFO: Item view page accessed [in D:\DEVELOPMENT\Flask\IMS\inventory\routes.py:73]
2024-06-06 14:59:01,118 INFO: Item view page accessed [in D:\DEVELOPMENT\Flask\IMS\inventory\routes.py:73]
2024-06-06 14:59:01,123 INFO: Password changed [in D:\DEVELOPMENT\Flask\IMS\users\routes.py:184]
2024-06-06 14:59:01,129 INFO: Deleted user [in D:\DEVELOPMENT\Flask\IMS\users\routes.py:201]
2024-06-06 14:59:01,133 INFO: Accessed manage users page [in D:\DEVELOPMENT\Flask\IMS\users\routes.py:108]
2024-06-06 14:59:01,143 INFO: Updated user [in D:\DEVELOPMENT\Flask\IMS\users\routes.py:159]
2024-06-06 14:59:01,151 INFO: Logged in [in D:\DEVELOPMENT\Flask\IMS\users\routes.py:39]
2024-06-06 14:59:01,156 INFO: Logged in [in D:\DEVELOPMENT\Flask\IMS\users\routes.py:39]
2024-06-06 14:59:01,158 INFO: Logged out [in D:\DEVELOPMENT\Flask\IMS\users\routes.py:56]
2024-06-06 14:59:01,164 INFO: Accessed manage users page [in D:\DEVELOPMENT\Flask\IMS\users\routes.py:108]
2024-06-06 14:59:01,178 INFO: Viewed logged in account details [in D:\DEVELOPMENT\Flask\IMS\users\routes.py:119]
2024-06-06 14:59:01,187 INFO: Viewed user [in D:\DEVELOPMENT\Flask\IMS\users\routes.py:131]
2024-06-06 14:59:46,972 INFO: Application instance created [in D:\DEVELOPMENT\Flask\IMS\app\connection.py:24]
2024-06-06 14:59:46,973 INFO: Database connected [in D:\DEVELOPMENT\Flask\IMS\app\connection.py:28]
2024-06-06 14:59:46,984 INFO: Application startup completed [in D:\DEVELOPMENT\Flask\IMS\app\__init__.py:18]
2024-06-06 14:59:47,022 INFO: Home page accessed [in D:\DEVELOPMENT\Flask\IMS\app\routes.py:11]
2024-06-06 14:59:47,063 INFO: Item assigned [in D:\DEVELOPMENT\Flask\IMS\inventory\routes.py:96]
2024-06-06 14:59:47,067 INFO: Admin accessed dashboard [in D:\DEVELOPMENT\Flask\IMS\inventory\routes.py:21]
2024-06-06 14:59:47,077 INFO: Employee accessed dashboard [in D:\DEVELOPMENT\Flask\IMS\inventory\routes.py:186]
2024-06-06 14:59:47,103 INFO: Item updated [in D:\DEVELOPMENT\Flask\IMS\inventory\routes.py:149]
2024-06-06 14:59:47,116 INFO: Item unassigned [in D:\DEVELOPMENT\Flask\IMS\inventory\routes.py:113]
2024-06-06 14:59:47,121 INFO: Item unassigned [in D:\DEVELOPMENT\Flask\IMS\inventory\routes.py:113]
2024-06-06 14:59:47,127 INFO: Item view page accessed [in D:\DEVELOPMENT\Flask\IMS\inventory\routes.py:73]
2024-06-06 14:59:47,144 INFO: Item view page accessed [in D:\DEVELOPMENT\Flask\IMS\inventory\routes.py:73]
2024-06-06 14:59:47,149 INFO: Password changed [in D:\DEVELOPMENT\Flask\IMS\users\routes.py:184]
2024-06-06 14:59:47,154 INFO: Deleted user [in D:\DEVELOPMENT\Flask\IMS\users\routes.py:201]
2024-06-06 14:59:47,159 INFO: Accessed manage users page [in D:\DEVELOPMENT\Flask\IMS\users\routes.py:108]
2024-06-06 14:59:47,168 INFO: Updated user [in D:\DEVELOPMENT\Flask\IMS\users\routes.py:159]
2024-06-06 14:59:47,178 INFO: Logged in [in D:\DEVELOPMENT\Flask\IMS\users\routes.py:39]
2024-06-06 14:59:47,182 INFO: Logged in [in D:\DEVELOPMENT\Flask\IMS\users\routes.py:39]
2024-06-06 14:59:47,184 INFO: Logged out [in D:\DEVELOPMENT\Flask\IMS\users\routes.py:56]
2024-06-06 14:59:47,189 INFO: Accessed manage users page [in D:\DEVELOPMENT\Flask\IMS\users\routes.py:108]
2024-06-06 14:59:47,201 INFO: Viewed logged in account details [in D:\DEVELOPMENT\Flask\IMS\users\routes.py:119]
2024-06-06 14:59:47,214 INFO: Viewed user [in D:\DEVELOPMENT\Flask\IMS\users\routes.py:131]
2024-06-06 15:00:08,622 INFO: Application instance created [in D:\DEVELOPMENT\Flask\IMS\app\connection.py:24]
2024-06-06 15:00:08,623 INFO: Database connected [in D:\DEVELOPMENT\Flask\IMS\app\connection.py:28]
2024-06-06 15:00:08,633 INFO: Application startup completed [in D:\DEVELOPMENT\Flask\IMS\app\__init__.py:18]
2024-06-06 15:00:08,657 INFO: Home page accessed [in D:\DEVELOPMENT\Flask\IMS\app\routes.py:11]
2024-06-06 15:00:08,695 INFO: Item assigned [in D:\DEVELOPMENT\Flask\IMS\inventory\routes.py:96]
2024-06-06 15:00:08,699 INFO: Admin accessed dashboard [in D:\DEVELOPMENT\Flask\IMS\inventory\routes.py:21]
2024-06-06 15:00:08,710 INFO: Employee accessed dashboard [in D:\DEVELOPMENT\Flask\IMS\inventory\routes.py:186]
2024-06-06 15:00:08,731 INFO: Item updated [in D:\DEVELOPMENT\Flask\IMS\inventory\routes.py:149]
2024-06-06 15:00:08,745 INFO: Item unassigned [in D:\DEVELOPMENT\Flask\IMS\inventory\routes.py:113]
2024-06-06 15:00:08,750 INFO: Item unassigned [in D:\DEVELOPMENT\Flask\IMS\inventory\routes.py:113]
2024-06-06 15:00:08,753 INFO: Item view page accessed [in D:\DEVELOPMENT\Flask\IMS\inventory\routes.py:73]
2024-06-06 15:00:08,770 INFO: Item view page accessed [in D:\DEVELOPMENT\Flask\IMS\inventory\routes.py:73]
2024-06-06 15:00:08,774 INFO: Password changed [in D:\DEVELOPMENT\Flask\IMS\users\routes.py:184]
2024-06-06 15:00:08,778 INFO: Deleted user [in D:\DEVELOPMENT\Flask\IMS\users\routes.py:201]
2024-06-06 15:00:08,781 INFO: Accessed manage users page [in D:\DEVELOPMENT\Flask\IMS\users\routes.py:108]
2024-06-06 15:00:08,792 INFO: Updated user [in D:\DEVELOPMENT\Flask\IMS\users\routes.py:159]
2024-06-06 15:00:08,800 INFO: Logged in [in D:\DEVELOPMENT\Flask\IMS\users\routes.py:39]
2024-06-06 15:00:08,805 INFO: Logged in [in D:\DEVELOPMENT\Flask\IMS\users\routes.py:39]
2024-06-06 15:00:08,808 INFO: Logged out [in D:\DEVELOPMENT\Flask\IMS\users\routes.py:56]
2024-06-06 15:00:08,812 INFO: Accessed manage users page [in D:\DEVELOPMENT\Flask\IMS\users\routes.py:108]
2024-06-06 15:00:08,825 INFO: Viewed logged in account details [in D:\DEVELOPMENT\Flask\IMS\users\routes.py:119]
2024-06-06 15:00:08,834 INFO: Viewed user [in D:\DEVELOPMENT\Flask\IMS\users\routes.py:131]
2024-06-06 15:00:20,802 INFO: Application instance created [in D:\DEVELOPMENT\Flask\IMS\app\connection.py:24]
2024-06-06 15:00:20,803 INFO: Database connected [in D:\DEVELOPMENT\Flask\IMS\app\connection.py:28]
2024-06-06 15:00:20,815 INFO: Application startup completed [in D:\DEVELOPMENT\Flask\IMS\app\__init__.py:18]
2024-06-06 15:00:20,832 INFO: Home page accessed [in D:\DEVELOPMENT\Flask\IMS\app\routes.py:11]
2024-06-06 15:00:20,870 INFO: Item assigned [in D:\DEVELOPMENT\Flask\IMS\inventory\routes.py:96]
2024-06-06 15:00:20,875 INFO: Admin accessed dashboard [in D:\DEVELOPMENT\Flask\IMS\inventory\routes.py:21]
2024-06-06 15:00:20,884 INFO: Employee accessed dashboard [in D:\DEVELOPMENT\Flask\IMS\inventory\routes.py:186]
2024-06-06 15:00:20,911 INFO: Item updated [in D:\DEVELOPMENT\Flask\IMS\inventory\routes.py:149]
2024-06-06 15:00:20,921 INFO: Item unassigned [in D:\DEVELOPMENT\Flask\IMS\inventory\routes.py:113]
2024-06-06 15:00:20,928 INFO: Item unassigned [in D:\DEVELOPMENT\Flask\IMS\inventory\routes.py:113]
2024-06-06 15:00:20,932 INFO: Item view page accessed [in D:\DEVELOPMENT\Flask\IMS\inventory\routes.py:73]
2024-06-06 15:00:20,948 INFO: Item view page accessed [in D:\DEVELOPMENT\Flask\IMS\inventory\routes.py:73]
2024-06-06 15:00:20,953 INFO: Password changed [in D:\DEVELOPMENT\Flask\IMS\users\routes.py:184]
2024-06-06 15:00:20,959 INFO: Deleted user [in D:\DEVELOPMENT\Flask\IMS\users\routes.py:201]
2024-06-06 15:00:20,962 INFO: Accessed manage users page [in D:\DEVELOPMENT\Flask\IMS\users\routes.py:108]
2024-06-06 15:00:20,970 INFO: Updated user [in D:\DEVELOPMENT\Flask\IMS\users\routes.py:159]
2024-06-06 15:00:20,979 INFO: Logged in [in D:\DEVELOPMENT\Flask\IMS\users\routes.py:39]
2024-06-06 15:00:20,983 INFO: Logged in [in D:\DEVELOPMENT\Flask\IMS\users\routes.py:39]
2024-06-06 15:00:20,985 INFO: Logged out [in D:\DEVELOPMENT\Flask\IMS\users\routes.py:56]
2024-06-06 15:00:20,990 INFO: Accessed manage users page [in D:\DEVELOPMENT\Flask\IMS\users\routes.py:108]
2024-06-06 15:00:21,001 INFO: Viewed logged in account details [in D:\DEVELOPMENT\Flask\IMS\users\routes.py:119]
2024-06-06 15:00:21,011 INFO: Viewed user [in D:\DEVELOPMENT\Flask\IMS\users\routes.py:131]
